build/outputs/logs/manifest-merger-release-report.txt
-- Merging decision tree log ---
manifest
ADDED from AndroidManifest.xml:2:1
	package
		ADDED from AndroidManifest.xml:4:11
	android:versionName
		ADDED from AndroidManifest.xml:6:11
	android:versionCode
		ADDED from AndroidManifest.xml:5:11
		INJECTED from AndroidManifest.xml:0:0
		INJECTED from AndroidManifest.xml:0:0
	xmlns:android
		ADDED from AndroidManifest.xml:3:9
uses-sdk
ADDED from AndroidManifest.xml:7:5
MERGED from com.android.support:appcompat-v7:21.0.3:15:5
MERGED from com.android.support:support-v4:21.0.3:15:5
	android:targetSdkVersion
		ADDED from AndroidManifest.xml:8:17
	android:minSdkVersion
		ADDED from AndroidManifest.xml:7:17
application
ADDED from AndroidManifest.xml:10:5
MERGED from com.android.support:appcompat-v7:21.0.3:16:5
MERGED from com.android.support:support-v4:21.0.3:16:5
	android:label
		ADDED from AndroidManifest.xml:13:13
	android:allowBackup
		ADDED from AndroidManifest.xml:11:13
	android:icon
		ADDED from AndroidManifest.xml:12:13
	android:theme
		ADDED from AndroidManifest.xml:14:13
activity#com.akpalu.TapThat.game.GameActivity
ADDED from AndroidManifest.xml:15:9
	android:screenOrientation
		ADDED from AndroidManifest.xml:19:17
	android:label
		ADDED from AndroidManifest.xml:18:17
	android:configChanges
		ADDED from AndroidManifest.xml:17:17
	android:theme
		ADDED from AndroidManifest.xml:20:17
	android:name
		ADDED from AndroidManifest.xml:16:17
activity#com.akpalu.TapThat.activities.TitleScreen
ADDED from AndroidManifest.xml:22:9
	android:screenOrientation
		ADDED from AndroidManifest.xml:26:17
	android:label
		ADDED from AndroidManifest.xml:25:17
	android:configChanges
		ADDED from AndroidManifest.xml:24:17
	android:theme
		ADDED from AndroidManifest.xml:27:17
	android:name
		ADDED from AndroidManifest.xml:23:17
intent-filter#android.intent.action.MAIN+android.intent.category.LAUNCHER
ADDED from AndroidManifest.xml:28:13
action#android.intent.action.MAIN
ADDED from AndroidManifest.xml:29:17
	android:name
		ADDED from AndroidManifest.xml:29:25
category#android.intent.category.LAUNCHER
ADDED from AndroidManifest.xml:31:17
	android:name
		ADDED from AndroidManifest.xml:31:27
activity#com.akpalu.TapThat.levels.LevelSelect
ADDED from AndroidManifest.xml:34:9
	android:screenOrientation
		ADDED from AndroidManifest.xml:37:17
	android:label
		ADDED from AndroidManifest.xml:36:17
	android:theme
		ADDED from AndroidManifest.xml:38:17
	android:name
		ADDED from AndroidManifest.xml:35:17
activity#com.akpalu.TapThat.levels.StartLevel
ADDED from AndroidManifest.xml:40:9
	android:label
		ADDED from AndroidManifest.xml:42:17
	android:theme
		ADDED from AndroidManifest.xml:43:17
	android:name
		ADDED from AndroidManifest.xml:41:17
activity#com.akpalu.TapThat.levels.EndLevel
ADDED from AndroidManifest.xml:45:9
	android:label
		ADDED from AndroidManifest.xml:47:17
	android:theme
		ADDED from AndroidManifest.xml:48:17
	android:name
		ADDED from AndroidManifest.xml:46:17
activity#com.akpalu.TapThat.activities.Pause
ADDED from AndroidManifest.xml:50:9
	android:label
		ADDED from AndroidManifest.xml:52:17
	android:theme
		ADDED from AndroidManifest.xml:53:17
	android:name
		ADDED from AndroidManifest.xml:51:17
activity#com.akpalu.TapThat.activities.Congratulations
ADDED from AndroidManifest.xml:55:9
	android:label
		ADDED from AndroidManifest.xml:57:17
	android:theme
		ADDED from AndroidManifest.xml:58:17
	android:name
		ADDED from AndroidManifest.xml:56:17
activity#com.akpalu.TapThat.activities.TutorialActivity
ADDED from AndroidManifest.xml:61:9
	android:label
		ADDED from AndroidManifest.xml:63:17
	android:theme
		ADDED from AndroidManifest.xml:64:17
	android:name
		ADDED from AndroidManifest.xml:62:17